2016-06-24T09:12:57.966Z - normal: Load ~/.CocosCreator/settings.json
2016-06-24T09:12:57.973Z - normal: checking language setting...
2016-06-24T09:12:57.973Z - normal: Language: zh
2016-06-24T09:12:58.003Z - success: protocol editor-framework registerred
2016-06-24T09:12:58.004Z - success: protocol app registerred
2016-06-24T09:12:58.004Z - success: protocol packages registerred
2016-06-24T09:12:58.004Z - success: protocol unpack registerred
2016-06-24T09:12:58.127Z - normal: connected!
2016-06-24T09:12:58.130Z - normal: Check project /Users/lianghangbing/CocosJsProj/BasketBall
2016-06-24T09:12:58.135Z - normal: Initializing Cocos Creator Editor
2016-06-24T09:12:58.358Z - normal: Initializing Cocos2d
2016-06-24T09:12:58.502Z - normal: Initializing Asset Database
2016-06-24T09:12:58.523Z - success: protocol uuid registerred
2016-06-24T09:12:58.523Z - success: protocol uuid registerred
2016-06-24T09:12:58.523Z - success: protocol thumbnail registerred
2016-06-24T09:12:58.524Z - normal: Loading editor/builtin packages
2016-06-24T09:12:58.637Z - success: assets loaded
2016-06-24T09:12:58.640Z - success: builder loaded
2016-06-24T09:12:58.646Z - success: hierarchy loaded
2016-06-24T09:12:58.650Z - success: inspector loaded
2016-06-24T09:12:58.651Z - success: keystore loaded
2016-06-24T09:12:58.656Z - success: node-library loaded
2016-06-24T09:12:58.660Z - success: preferences loaded
2016-06-24T09:12:58.680Z - success: project-importer loaded
2016-06-24T09:12:58.683Z - success: project-settings loaded
2016-06-24T09:12:58.687Z - success: ui-kit loaded
2016-06-24T09:12:58.691Z - success: ui-grid loaded
2016-06-24T09:12:58.696Z - success: scene loaded
2016-06-24T09:12:58.697Z - success: sprite-editor loaded
2016-06-24T09:12:58.704Z - success: timeline loaded
2016-06-24T09:12:58.707Z - success: ui-kit-extra loaded
2016-06-24T09:12:58.708Z - normal: Loading builtin packages
2016-06-24T09:12:58.712Z - success: asset-db-debugger loaded
2016-06-24T09:12:58.714Z - success: code-editor loaded
2016-06-24T09:12:58.714Z - success: color-picker loaded
2016-06-24T09:12:58.718Z - success: console loaded
2016-06-24T09:12:58.722Z - success: package-manager loaded
2016-06-24T09:12:58.727Z - success: tester loaded
2016-06-24T09:12:58.730Z - success: ui-tree loaded
2016-06-24T09:12:58.757Z - normal: Initializing project /Users/lianghangbing/CocosJsProj/BasketBall
2016-06-24T09:12:58.759Z - normal: Loading packages
2016-06-24T09:12:58.762Z - normal: Run Application
2016-06-24T09:12:59.906Z - success: preview server running at http://localhost:7456
2016-06-24T09:12:59.907Z - normal: Compiling scripts...
2016-06-24T09:13:01.728Z - normal: Compiled successfully
2016-06-24T09:13:05.142Z - normal: 1.1.1
2016-06-24T09:15:10.025Z - normal: Compiled successfully
2016-06-24T09:15:58.142Z - normal: Compiled successfully
2016-06-24T09:15:59.084Z - error: Failed to create field 05d6195d99B06zz0IIi6csv. type not the same 05d6195d99B06zz0IIi6csv:cc.Prefab
    at editor-field.Editor.polymerElement._rebuild (app://editor/page/ui/props/field/field.js:1:1737)
    at editor-field.<anonymous> (app://editor/page/ui/props/field/field.js:1:598)
    at Object.Debouncer.complete (app://bower_components/polymer/polymer.html:1203:15)
2016-06-24T09:25:28.645Z - normal: Compiled successfully
2016-06-24T09:26:36.446Z - normal: Compiled successfully
2016-06-24T09:37:13.539Z - normal: Compiled successfully
2016-06-24T09:38:55.088Z - normal: Compiled successfully
2016-06-24T09:39:19.481Z - normal: Compiled successfully
2016-06-24T09:40:32.729Z - normal: Compiled successfully
2016-06-24T09:40:54.164Z - normal: Compiled successfully
2016-06-24T09:43:07.341Z - normal: Compiled successfully
2016-06-24T09:49:17.766Z - normal: Compiled successfully
2016-06-24T09:49:48.462Z - normal: Compiled successfully
2016-06-24T09:51:51.688Z - normal: Compiled successfully
2016-06-24T09:53:32.266Z - normal: Compiled successfully
2016-06-24T09:58:10.350Z - normal: Compiled successfully
2016-06-24T09:58:58.847Z - normal: Compiled successfully
2016-06-24T10:00:51.984Z - normal: Compiled successfully
2016-06-24T10:01:31.529Z - normal: Compiled successfully
2016-06-24T10:02:41.300Z - normal: Compiled successfully
2016-06-24T10:03:24.753Z - normal: Compiled successfully
2016-06-24T10:04:24.869Z - normal: Compiled successfully
2016-06-24T10:04:42.447Z - normal: Compiled successfully
2016-06-24T10:09:54.057Z - normal: Compiled successfully
2016-06-24T10:10:15.961Z - normal: Compiled successfully
2016-06-24T10:10:58.204Z - normal: Compiled successfully
2016-06-24T10:11:15.703Z - normal: Compiled successfully
2016-06-24T10:11:35.473Z - normal: Compiled successfully
2016-06-24T10:12:39.882Z - normal: Compiled successfully
2016-06-24T10:15:08.699Z - normal: Compiled successfully
2016-06-24T10:20:59.316Z - normal: Compiled successfully
2016-06-24T10:23:33.534Z - normal: Compiled successfully
2016-06-24T10:25:28.307Z - normal: Compiled successfully
2016-06-24T10:26:44.882Z - normal: Compiled successfully
2016-06-24T10:28:19.007Z - normal: Compiled successfully
2016-06-24T10:30:08.926Z - normal: Compiled successfully
2016-06-24T10:31:12.164Z - normal: Compiled successfully
2016-06-24T10:33:43.187Z - normal: Compiled successfully
2016-06-24T10:35:04.273Z - normal: Compiled successfully
2016-06-24T10:37:18.545Z - normal: Compiled successfully
2016-06-24T10:39:25.741Z - normal: Compiled successfully
2016-06-24T10:50:00.831Z - normal: Compiled successfully
2016-06-24T10:53:04.160Z - normal: Compiled successfully
2016-06-24T10:54:59.373Z - normal: Compiled successfully
2016-06-24T10:55:34.124Z - normal: Compiled successfully
